#
# A fatal error has been detected by the Java Runtime Environment:
#
#  EXCEPTION_ACCESS_VIOLATION (0xc0000005) at pc=0x0000000076fa9eae, pid=15464, tid=22116
#
# JRE version: 7.0_15-b03
# Java VM: Java HotSpot(TM) 64-Bit Server VM (23.7-b01 mixed mode windows-amd64 compressed oops)
# Problematic frame:
# C  [ntdll.dll+0x49eae]  LdrLoadAlternateResourceModule+0x75e
#
# Failed to write core dump. Minidumps are not enabled by default on client versions of Windows
#
# If you would like to submit a bug report, please visit:
#   http://bugreport.sun.com/bugreport/crash.jsp
# The crash happened outside the Java Virtual Machine in native code.
# See problematic frame for where to report the bug.
#

---------------  T H R E A D  ---------------

Current thread (0x0000000011d54000):  JavaThread "Thread-3" [_thread_in_native, id=22116, stack(0x0000000012d80000,0x0000000012e80000)]

siginfo: ExceptionCode=0xc0000005, reading address 0xffffffffffffffff

Registers:
RAX=0x0000000000001103, RBX=0x000000000d730000, RCX=0x00000000000004e3, RDX=0x0044005c00000047
RSP=0x0000000012e7e3b0, RBP=0x0000000000000000, RSI=0x0000000000000000, RDI=0x0000000000000000
R8 =0x000000000d7312f0, R9 =0x0000000000100000, R10=0x000000000d730158, R11=0x00000000000006fe
R12=0x0000000077075430, R13=0x00000000000015e6, R14=0x0000000000000002, R15=0x0000000077075401
RIP=0x0000000076fa9eae, EFLAGS=0x0000000000010206

Top of Stack: (sp=0x0000000012e7e3b0)
0x0000000012e7e3b0:   0000000000000000 0000000076fb926a
0x0000000012e7e3c0:   0000000000000005 0000000000000000
0x0000000012e7e3d0:   0000000000000000 0000000000000000
0x0000000012e7e3e0:   0000000112e7e401 000007fe77075401
0x0000000012e7e3f0:   0000000000000000 000007fef9890006
0x0000000012e7e400:   000000000010000e 0000000000000000
0x0000000012e7e410:   0000000000000000 0000000000000000
0x0000000012e7e420:   0000000000000000 000200006e2564e8
0x0000000012e7e430:   0000000000000000 0000004011030000
0x0000000012e7e440:   0000000012e7e560 0000000000000000
0x0000000012e7e450:   0000000077077718 0000000000000000
0x0000000012e7e460:   0000000000000000 0000000000000000
0x0000000012e7e470:   0000000000000000 0000000000000000
0x0000000012e7e480:   0000000000000000 0000000000000000
0x0000000012e7e490:   0000000000000000 0000000000000000
0x0000000012e7e4a0:   0000000000000000 0000000000000000 

Instructions: (pc=0x0000000076fa9eae)
0x0000000076fa9e8e:   40 30 4a 8b 14 d8 48 89 94 24 a8 01 00 00 4c 3b
0x0000000076fa9e9e:   d2 0f 84 6b 99 00 00 45 85 c9 0f 84 79 5c 01 00
0x0000000076fa9eae:   8b 42 f8 89 84 24 70 03 00 00 44 8b 4b 7c 41 85
0x0000000076fa9ebe:   c1 74 0d 33 83 88 00 00 00 89 84 24 70 03 00 00 


Register to memory mapping:

RAX=0x0000000000001103 is an unknown value
RBX=0x000000000d730000 is an unknown value
RCX=0x00000000000004e3 is an unknown value
RDX=0x0044005c00000047 is an unknown value
RSP=0x0000000012e7e3b0 is pointing into the stack for thread: 0x0000000011d54000
RBP=0x0000000000000000 is an unknown value
RSI=0x0000000000000000 is an unknown value
RDI=0x0000000000000000 is an unknown value
R8 =0x000000000d7312f0 is an unknown value
R9 =0x0000000000100000 is an unknown value
R10=0x000000000d730158 is an unknown value
R11=0x00000000000006fe is an unknown value
R12=0x0000000077075430 is an unknown value
R13=0x00000000000015e6 is an unknown value
R14=0x0000000000000002 is an unknown value
R15=0x0000000077075401 is an unknown value


Stack: [0x0000000012d80000,0x0000000012e80000],  sp=0x0000000012e7e3b0,  free space=1016k
Native frames: (J=compiled Java code, j=interpreted, Vv=VM code, C=native code)
C  [ntdll.dll+0x49eae]  LdrLoadAlternateResourceModule+0x75e

[error occurred during error reporting (printing native stack), id 0xc0000005]

Java frames: (J=compiled Java code, j=interpreted, Vv=VM code)
j  org.hyperic.sigar.Sigar.getFileSystemListNative()[Lorg/hyperic/sigar/FileSystem;+0
j  org.hyperic.sigar.Sigar.getFileSystemList()[Lorg/hyperic/sigar/FileSystem;+1
j  net.mk.os.OSApp.getDiskStaticDetails(Z)Ljson/JSONObject;+19
j  net.mk.ppmcu.GlobalMCUTest.printMachineInfo(Ljava/lang/Boolean;Z)Ljson/JSONObject;+396
j  net.mk.ppmcuGUI.FrontPage$1.run()V+121
j  java.lang.Thread.run()V+11
v  ~StubRoutines::call_stub

---------------  P R O C E S S  ---------------

Java Threads: ( => current thread )
  0x0000000011e37000 JavaThread "Thread-16" daemon [_thread_blocked, id=17912, stack(0x0000000014ad0000,0x0000000014bd0000)]
  0x0000000011e30800 JavaThread "SwingWorker-pool-1-thread-2" daemon [_thread_in_native, id=5212, stack(0x0000000016830000,0x0000000016930000)]
  0x0000000011e39800 JavaThread "Thread-10" [_thread_in_native, id=11080, stack(0x000000001a510000,0x000000001a610000)]
  0x0000000011e31000 JavaThread "Thread-9" [_thread_in_native, id=17780, stack(0x00000000190b0000,0x00000000191b0000)]
  0x0000000011f79000 JavaThread "ForkJoinPool-6-worker-2" daemon [_thread_blocked, id=23860, stack(0x0000000019210000,0x0000000019310000)]
  0x0000000011e38000 JavaThread "ForkJoinPool-5-worker-2" daemon [_thread_blocked, id=13940, stack(0x0000000017fd0000,0x00000000180d0000)]
  0x0000000011e38800 JavaThread "ForkJoinPool-4-worker-1" daemon [_thread_blocked, id=19236, stack(0x0000000011a10000,0x0000000011b10000)]
  0x0000000011f75800 JavaThread "ForkJoinPool-3-worker-3" daemon [_thread_blocked, id=18608, stack(0x0000000017c40000,0x0000000017d40000)]
  0x0000000011e35800 JavaThread "ForkJoinPool-2-worker-5" daemon [_thread_blocked, id=18528, stack(0x0000000017320000,0x0000000017420000)]
  0x0000000011e2f800 JavaThread "ForkJoinPool-1-worker-4" daemon [_thread_blocked, id=15492, stack(0x00000000166e0000,0x00000000167e0000)]
  0x0000000011e2c800 JavaThread "D3D Screen Updater" daemon [_thread_blocked, id=20476, stack(0x0000000014e20000,0x0000000014f20000)]
  0x0000000011e2c000 JavaThread "DestroyJavaVM" [_thread_blocked, id=19484, stack(0x0000000002490000,0x0000000002590000)]
  0x0000000011e2b000 JavaThread "AWT-EventQueue-0" [_thread_blocked, id=17924, stack(0x0000000014100000,0x0000000014200000)]
  0x0000000011e2a800 JavaThread "AWT-Shutdown" [_thread_blocked, id=23040, stack(0x00000000116a0000,0x00000000117a0000)]
=>0x0000000011d54000 JavaThread "Thread-3" [_thread_in_native, id=22116, stack(0x0000000012d80000,0x0000000012e80000)]
  0x0000000011c1c800 JavaThread "Swing-Shell" daemon [_thread_blocked, id=596, stack(0x0000000012860000,0x0000000012960000)]
  0x000000000ca4c000 JavaThread "TimerQueue" daemon [_thread_blocked, id=6484, stack(0x0000000012710000,0x0000000012810000)]
  0x0000000011cf5800 JavaThread "SwingWorker-pool-1-thread-1" daemon [_thread_blocked, id=22568, stack(0x00000000125e0000,0x00000000126e0000)]
  0x000000000c84a800 JavaThread "AWT-Windows" daemon [_thread_in_native, id=12080, stack(0x000000000d740000,0x000000000d840000)]
  0x000000000c847000 JavaThread "Java2D Disposer" daemon [_thread_blocked, id=24000, stack(0x000000000d460000,0x000000000d560000)]
  0x000000000c6ba000 JavaThread "Service Thread" daemon [_thread_blocked, id=17636, stack(0x000000000cfd0000,0x000000000d0d0000)]
  0x000000000c6ac800 JavaThread "C2 CompilerThread1" daemon [_thread_blocked, id=15068, stack(0x000000000ce00000,0x000000000cf00000)]
  0x000000000c6a1800 JavaThread "C2 CompilerThread0" daemon [_thread_blocked, id=20492, stack(0x000000000caa0000,0x000000000cba0000)]
  0x000000000c6a0000 JavaThread "Attach Listener" daemon [_thread_blocked, id=12468, stack(0x000000000ccd0000,0x000000000cdd0000)]
  0x000000000c69f000 JavaThread "Signal Dispatcher" daemon [_thread_blocked, id=17688, stack(0x000000000cbc0000,0x000000000ccc0000)]
  0x000000000a96b800 JavaThread "Finalizer" daemon [_thread_blocked, id=20036, stack(0x000000000c550000,0x000000000c650000)]
  0x000000000a963000 JavaThread "Reference Handler" daemon [_thread_blocked, id=23988, stack(0x000000000c430000,0x000000000c530000)]

Other Threads:
  0x000000000a95a800 VMThread [stack: 0x0000000002390000,0x0000000002490000] [id=19232]
  0x000000000c6c3000 WatcherThread [stack: 0x000000000d2c0000,0x000000000d3c0000] [id=20912]

VM state:not at safepoint (normal execution)

VM Mutex/Monitor currently owned by a thread: None

Heap
 PSYoungGen      total 219904K, used 115514K [0x00000000e0560000, 0x00000000f0350000, 0x0000000100000000)
  eden space 181184K, 50% used [0x00000000e0560000,0x00000000e5e76e08,0x00000000eb650000)
  from space 38720K, 62% used [0x00000000edd80000,0x00000000ef537cd8,0x00000000f0350000)
  to   space 39424K, 0% used [0x00000000eb650000,0x00000000eb650000,0x00000000edcd0000)
 ParOldGen       total 61056K, used 43013K [0x00000000a1000000, 0x00000000a4ba0000, 0x00000000e0560000)
  object space 61056K, 70% used [0x00000000a1000000,0x00000000a3a01400,0x00000000a4ba0000)
 PSPermGen       total 26496K, used 19751K [0x000000009be00000, 0x000000009d7e0000, 0x00000000a1000000)
  object space 26496K, 74% used [0x000000009be00000,0x000000009d149db0,0x000000009d7e0000)

Card table byte_map: [0x0000000005590000,0x00000000058c0000] byte_map_base: 0x00000000050b1000

Polling page: 0x0000000000130000

Code Cache  [0x0000000002590000, 0x0000000002800000, 0x0000000005590000)
 total_blobs=1036 nmethods=507 adapters=480 free_code_cache=47237Kb largest_free_block=48329408

Compilation events (10 events):
Event: 301.495 Thread 0x000000000c6a1800  521             sun.java2d.SunGraphics2D::setPaint (162 bytes)
Event: 301.505 Thread 0x000000000c6a1800 nmethod 521 0x0000000002755350 code [0x0000000002755500, 0x00000000027559c8]
Event: 324.889 Thread 0x000000000c6ac800  522             sun.java2d.pipe.ShapeSpanIterator::appendPath (50 bytes)
Event: 324.900 Thread 0x000000000c6ac800 nmethod 522 0x0000000002754810 code [0x00000000027549a0, 0x0000000002754e10]
Event: 325.638 Thread 0x000000000c6a1800  523             sun.dc.DuctusRenderingEngine::feedConsumer (919 bytes)
Event: 325.660 Thread 0x000000000c6a1800 nmethod 523 0x000000000276dd50 code [0x000000000276e040, 0x000000000276f108]
Event: 330.266 Thread 0x000000000c6ac800  524             java.awt.image.PixelInterleavedSampleModel::<init> (127 bytes)
Event: 330.276 Thread 0x000000000c6ac800 nmethod 524 0x000000000276d150 code [0x000000000276d2c0, 0x000000000276d7f8]
Event: 330.652 Thread 0x000000000c6a1800  525             java.util.regex.Pattern$Curly::match (86 bytes)
Event: 330.673 Thread 0x000000000c6a1800 nmethod 525 0x00000000027573d0 code [0x0000000002757600, 0x00000000027582c0]

GC Heap History (10 events):
Event: 332.334 GC heap before
{Heap before GC invocations=274 (full 12):
 PSYoungGen      total 176128K, used 167000K [0x00000000e0560000, 0x00000000eec20000, 0x0000000100000000)
  eden space 137920K, 99% used [0x00000000e0560000,0x00000000e8b12100,0x00000000e8c10000)
  from space 38208K, 78% used [0x00000000e8c10000,0x00000000ea974160,0x00000000eb160000)
  to   space 39552K, 0% used [0x00000000ec580000,0x00000000ec580000,0x00000000eec20000)
 ParOldGen       total 82304K, used 80233K [0x00000000a1000000, 0x00000000a6060000, 0x00000000e0560000)
  object space 82304K, 97% used [0x00000000a1000000,0x00000000a5e5a700,0x00000000a6060000)
 PSPermGen       total 27584K, used 19750K [0x000000009be00000, 0x000000009d8f0000, 0x00000000a1000000)
  object space 27584K, 71% used [0x000000009be00000,0x000000009d149b68,0x000000009d8f0000)
Event: 332.348 GC heap after
Heap after GC invocations=274 (full 12):
 PSYoungGen      total 176128K, used 167000K [0x00000000e0560000, 0x00000000eec20000, 0x0000000100000000)
  eden space 137920K, 99% used [0x00000000e0560000,0x00000000e8b12100,0x00000000e8c10000)
  from space 38208K, 78% used [0x00000000e8c10000,0x00000000ea974160,0x00000000eb160000)
  to   space 39552K, 25% used [0x00000000ec580000,0x00000000ecf70e30,0x00000000eec20000)
 ParOldGen       total 110464K, used 108406K [0x00000000a1000000, 0x00000000a7be0000, 0x00000000e0560000)
  object space 110464K, 98% used [0x00000000a1000000,0x00000000a79ddb60,0x00000000a7be0000)
 PSPermGen       total 27584K, used 19750K [0x000000009be00000, 0x000000009d8f0000, 0x00000000a1000000)
  object space 27584K, 71% used [0x000000009be00000,0x000000009d149b68,0x000000009d8f0000)
}
Event: 332.348 GC heap before
{Heap before GC invocations=275 (full 13):
 PSYoungGen      total 176128K, used 167000K [0x00000000e0560000, 0x00000000eec20000, 0x0000000100000000)
  eden space 137920K, 99% used [0x00000000e0560000,0x00000000e8b12100,0x00000000e8c10000)
  from space 38208K, 78% used [0x00000000e8c10000,0x00000000ea974160,0x00000000eb160000)
  to   space 39552K, 25% used [0x00000000ec580000,0x00000000ecf70e30,0x00000000eec20000)
 ParOldGen       total 110464K, used 108406K [0x00000000a1000000, 0x00000000a7be0000, 0x00000000e0560000)
  object space 110464K, 98% used [0x00000000a1000000,0x00000000a79ddb60,0x00000000a7be0000)
 PSPermGen       total 27584K, used 19750K [0x000000009be00000, 0x000000009d8f0000, 0x00000000a1000000)
  object space 27584K, 71% used [0x000000009be00000,0x000000009d149b68,0x000000009d8f0000)
Event: 332.396 GC heap after
Heap after GC invocations=275 (full 13):
 PSYoungGen      total 176128K, used 0K [0x00000000e0560000, 0x00000000eec20000, 0x0000000100000000)
  eden space 137920K, 0% used [0x00000000e0560000,0x00000000e0560000,0x00000000e8c10000)
  from space 38208K, 0% used [0x00000000e8c10000,0x00000000e8c10000,0x00000000eb160000)
  to   space 39552K, 0% used [0x00000000ec580000,0x00000000ec580000,0x00000000eec20000)
 ParOldGen       total 61056K, used 17922K [0x00000000a1000000, 0x00000000a4ba0000, 0x00000000e0560000)
  object space 61056K, 29% used [0x00000000a1000000,0x00000000a2180880,0x00000000a4ba0000)
 PSPermGen       total 26496K, used 19750K [0x000000009be00000, 0x000000009d7e0000, 0x00000000a1000000)
  object space 26496K, 74% used [0x000000009be00000,0x000000009d149b28,0x000000009d7e0000)
}
Event: 333.068 GC heap before
{Heap before GC invocations=276 (full 13):
 PSYoungGen      total 176128K, used 133070K [0x00000000e0560000, 0x00000000eec20000, 0x0000000100000000)
  eden space 137920K, 96% used [0x00000000e0560000,0x00000000e8753918,0x00000000e8c10000)
  from space 38208K, 0% used [0x00000000e8c10000,0x00000000e8c10000,0x00000000eb160000)
  to   space 39552K, 0% used [0x00000000ec580000,0x00000000ec580000,0x00000000eec20000)
 ParOldGen       total 61056K, used 23547K [0x00000000a1000000, 0x00000000a4ba0000, 0x00000000e0560000)
  object space 61056K, 38% used [0x00000000a1000000,0x00000000a26fec90,0x00000000a4ba0000)
 PSPermGen       total 26496K, used 19751K [0x000000009be00000, 0x000000009d7e0000, 0x00000000a1000000)
  object space 26496K, 74% used [0x000000009be00000,0x000000009d149db0,0x000000009d7e0000)
Event: 333.075 GC heap after
Heap after GC invocations=276 (full 13):
 PSYoungGen      total 197056K, used 26627K [0x00000000e0560000, 0x00000000eedc0000, 0x0000000100000000)
  eden space 157504K, 0% used [0x00000000e0560000,0x00000000e0560000,0x00000000e9f30000)
  from space 39552K, 67% used [0x00000000ec580000,0x00000000edf80d10,0x00000000eec20000)
  to   space 39232K, 0% used [0x00000000e9f30000,0x00000000e9f30000,0x00000000ec580000)
 ParOldGen       total 61056K, used 23547K [0x00000000a1000000, 0x00000000a4ba0000, 0x00000000e0560000)
  object space 61056K, 38% used [0x00000000a1000000,0x00000000a26fec90,0x00000000a4ba0000)
 PSPermGen       total 26496K, used 19751K [0x000000009be00000, 0x000000009d7e0000, 0x00000000a1000000)
  object space 26496K, 74% used [0x000000009be00000,0x000000009d149db0,0x000000009d7e0000)
}
Event: 333.954 GC heap before
{Heap before GC invocations=277 (full 13):
 PSYoungGen      total 197056K, used 184131K [0x00000000e0560000, 0x00000000eedc0000, 0x0000000100000000)
  eden space 157504K, 100% used [0x00000000e0560000,0x00000000e9f30000,0x00000000e9f30000)
  from space 39552K, 67% used [0x00000000ec580000,0x00000000edf80d10,0x00000000eec20000)
  to   space 39232K, 0% used [0x00000000e9f30000,0x00000000e9f30000,0x00000000ec580000)
 ParOldGen       total 61056K, used 34911K [0x00000000a1000000, 0x00000000a4ba0000, 0x00000000e0560000)
  object space 61056K, 57% used [0x00000000a1000000,0x00000000a3217f30,0x00000000a4ba0000)
 PSPermGen       total 26496K, used 19751K [0x000000009be00000, 0x000000009d7e0000, 0x00000000a1000000)
  object space 26496K, 74% used [0x000000009be00000,0x000000009d149db0,0x000000009d7e0000)
Event: 333.957 GC heap after
Heap after GC invocations=277 (full 13):
 PSYoungGen      total 196736K, used 7660K [0x00000000e0560000, 0x00000000f04e0000, 0x0000000100000000)
  eden space 157504K, 0% used [0x00000000e0560000,0x00000000e0560000,0x00000000e9f30000)
  from space 39232K, 19% used [0x00000000e9f30000,0x00000000ea6ab0c0,0x00000000ec580000)
  to   space 40320K, 0% used [0x00000000edd80000,0x00000000edd80000,0x00000000f04e0000)
 ParOldGen       total 61056K, used 37363K [0x00000000a1000000, 0x00000000a4ba0000, 0x00000000e0560000)
  object space 61056K, 61% used [0x00000000a1000000,0x00000000a347cfe0,0x00000000a4ba0000)
 PSPermGen       total 26496K, used 19751K [0x000000009be00000, 0x000000009d7e0000, 0x00000000a1000000)
  object space 26496K, 74% used [0x000000009be00000,0x000000009d149db0,0x000000009d7e0000)
}
Event: 334.832 GC heap before
{Heap before GC invocations=278 (full 13):
 PSYoungGen      total 196736K, used 163851K [0x00000000e0560000, 0x00000000f04e0000, 0x0000000100000000)
  eden space 157504K, 99% used [0x00000000e0560000,0x00000000e9de7c20,0x00000000e9f30000)
  from space 39232K, 19% used [0x00000000e9f30000,0x00000000ea6ab0c0,0x00000000ec580000)
  to   space 40320K, 0% used [0x00000000edd80000,0x00000000edd80000,0x00000000f04e0000)
 ParOldGen       total 61056K, used 42988K [0x00000000a1000000, 0x00000000a4ba0000, 0x00000000e0560000)
  object space 61056K, 70% used [0x00000000a1000000,0x00000000a39fb3f0,0x00000000a4ba0000)
 PSPermGen       total 26496K, used 19751K [0x000000009be00000, 0x000000009d7e0000, 0x00000000a1000000)
  object space 26496K, 74% used [0x000000009be00000,0x000000009d149db0,0x000000009d7e0000)
Event: 334.840 GC heap after
Heap after GC invocations=278 (full 13):
 PSYoungGen      total 219904K, used 24287K [0x00000000e0560000, 0x00000000f0350000, 0x0000000100000000)
  eden space 181184K, 0% used [0x00000000e0560000,0x00000000e0560000,0x00000000eb650000)
  from space 38720K, 62% used [0x00000000edd80000,0x00000000ef537cd8,0x00000000f0350000)
  to   space 39424K, 0% used [0x00000000eb650000,0x00000000eb650000,0x00000000edcd0000)
 ParOldGen       total 61056K, used 43013K [0x00000000a1000000, 0x00000000a4ba0000, 0x00000000e0560000)
  object space 61056K, 70% used [0x00000000a1000000,0x00000000a3a01400,0x00000000a4ba0000)
 PSPermGen       total 26496K, used 19751K [0x000000009be00000, 0x000000009d7e0000, 0x00000000a1000000)
  object space 26496K, 74% used [0x000000009be00000,0x000000009d149db0,0x000000009d7e0000)
}

Deoptimization events (10 events):
Event: 102.078 Thread 0x0000000011e2b000 Uncommon trap -83 fr.pc 0x0000000002673aa0
Event: 102.097 Thread 0x0000000011e2b000 Uncommon trap -58 fr.pc 0x00000000026a6d9c
Event: 102.101 Thread 0x0000000011e2b000 Uncommon trap -58 fr.pc 0x00000000026a6d9c
Event: 102.102 Thread 0x0000000011e2b000 Uncommon trap -58 fr.pc 0x00000000026a6d9c
Event: 103.119 Thread 0x0000000011e2b000 Uncommon trap -58 fr.pc 0x00000000026a6d9c
Event: 106.676 Thread 0x0000000011e2b000 Uncommon trap -83 fr.pc 0x00000000026bfd98
Event: 110.178 Thread 0x0000000011e32000 Uncommon trap -12 fr.pc 0x0000000002648f9c
Event: 111.664 Thread 0x0000000011e2b000 Uncommon trap -83 fr.pc 0x00000000026c1cf4
Event: 113.853 Thread 0x0000000011e2b000 Uncommon trap -83 fr.pc 0x0000000002696f64
Event: 121.614 Thread 0x0000000011e31000 Uncommon trap -28 fr.pc 0x00000000026f621c

Internal exceptions (10 events):
Event: 327.811 Thread 0x0000000011e39800 Threw 0x00000000e0e20c38 at C:\jdk7u2_64p\jdk7u15\hotspot\src\share\vm\prims\jni.cpp:742
Event: 328.314 Thread 0x0000000011e39800 Threw 0x00000000a13fc7c0 at C:\jdk7u2_64p\jdk7u15\hotspot\src\share\vm\prims\jni.cpp:716
Event: 329.026 Thread 0x0000000011d54000 Threw 0x00000000e1994d80 at C:\jdk7u2_64p\jdk7u15\hotspot\src\share\vm\prims\jni.cpp:742
Event: 329.528 Thread 0x0000000011d54000 Threw 0x00000000a13fc7c0 at C:\jdk7u2_64p\jdk7u15\hotspot\src\share\vm\prims\jni.cpp:716
Event: 330.757 Thread 0x0000000011d54000 Threw 0x00000000e6409210 at C:\jdk7u2_64p\jdk7u15\hotspot\src\share\vm\prims\jni.cpp:742
Event: 331.259 Thread 0x0000000011d54000 Threw 0x00000000a13fc7c0 at C:\jdk7u2_64p\jdk7u15\hotspot\src\share\vm\prims\jni.cpp:716
Event: 333.441 Thread 0x0000000011e39800 Threw 0x00000000e476e2d8 at C:\jdk7u2_64p\jdk7u15\hotspot\src\share\vm\prims\jni.cpp:742
Event: 333.442 Thread 0x0000000011d54000 Threw 0x00000000e476eaf8 at C:\jdk7u2_64p\jdk7u15\hotspot\src\share\vm\prims\jni.cpp:742
Event: 333.945 Thread 0x0000000011e39800 Threw 0x00000000a13fc7c0 at C:\jdk7u2_64p\jdk7u15\hotspot\src\share\vm\prims\jni.cpp:716
Event: 333.946 Thread 0x0000000011d54000 Threw 0x00000000a13fc7c0 at C:\jdk7u2_64p\jdk7u15\hotspot\src\share\vm\prims\jni.cpp:716

Events (10 events):
Event: 333.067 Executing VM operation: ParallelGCFailedAllocation
Event: 333.067 Executing VM operation: ParallelGCFailedAllocation done
Event: 333.067 Executing VM operation: ParallelGCSystemGC
Event: 333.075 Executing VM operation: ParallelGCSystemGC done
Event: 333.954 Executing VM operation: ParallelGCFailedAllocation
Event: 333.957 Executing VM operation: ParallelGCFailedAllocation done
Event: 334.831 Executing VM operation: ParallelGCFailedAllocation
Event: 334.831 Executing VM operation: ParallelGCFailedAllocation done
Event: 334.831 Executing VM operation: ParallelGCSystemGC
Event: 334.840 Executing VM operation: ParallelGCSystemGC done


Dynamic libraries:
0x000000013f0b0000 - 0x000000013f0e3000 	C:\Program Files\Java\jdk1.7.0_15\bin\java.exe
0x0000000076f60000 - 0x0000000077109000 	C:\Windows\SYSTEM32\ntdll.dll
0x0000000076e40000 - 0x0000000076f5f000 	C:\Windows\system32\kernel32.dll
0x000007fefc2f0000 - 0x000007fefc35b000 	C:\Windows\system32\KERNELBASE.dll
0x000007fefe490000 - 0x000007fefe56b000 	C:\Windows\system32\ADVAPI32.dll
0x000007fefc850000 - 0x000007fefc8ef000 	C:\Windows\system32\msvcrt.dll
0x000007fefe470000 - 0x000007fefe48f000 	C:\Windows\SYSTEM32\sechost.dll
0x000007fefdf00000 - 0x000007fefe02d000 	C:\Windows\system32\RPCRT4.dll
0x0000000076d40000 - 0x0000000076e3a000 	C:\Windows\system32\USER32.dll
0x000007fefca50000 - 0x000007fefcab7000 	C:\Windows\system32\GDI32.dll
0x000007fefd020000 - 0x000007fefd02e000 	C:\Windows\system32\LPK.dll
0x000007fefe030000 - 0x000007fefe0f9000 	C:\Windows\system32\USP10.dll
0x000007fefaa60000 - 0x000007fefac54000 	C:\Windows\WinSxS\amd64_microsoft.windows.common-controls_6595b64144ccf1df_6.0.7601.17514_none_fa396087175ac9ac\COMCTL32.dll
0x000007fefccf0000 - 0x000007fefcd61000 	C:\Windows\system32\SHLWAPI.dll
0x000007fefddd0000 - 0x000007fefddfe000 	C:\Windows\system32\IMM32.DLL
0x000007fefc740000 - 0x000007fefc849000 	C:\Windows\system32\MSCTF.dll
0x0000000070310000 - 0x00000000703e1000 	C:\Program Files\Java\jdk1.7.0_15\jre\bin\msvcr100.dll
0x0000000065470000 - 0x0000000065b8f000 	C:\Program Files\Java\jdk1.7.0_15\jre\bin\server\jvm.dll
0x000007fef7bc0000 - 0x000007fef7bc9000 	C:\Windows\system32\WSOCK32.dll
0x000007fefe570000 - 0x000007fefe5bd000 	C:\Windows\system32\WS2_32.dll
0x000007fefddc0000 - 0x000007fefddc8000 	C:\Windows\system32\NSI.dll
0x000007fefa990000 - 0x000007fefa9cb000 	C:\Windows\system32\WINMM.dll
0x0000000077130000 - 0x0000000077137000 	C:\Windows\system32\PSAPI.DLL
0x0000000072150000 - 0x000000007215f000 	C:\Program Files\Java\jdk1.7.0_15\jre\bin\verify.dll
0x00000000700f0000 - 0x0000000070118000 	C:\Program Files\Java\jdk1.7.0_15\jre\bin\java.dll
0x00000000705c0000 - 0x00000000705d5000 	C:\Program Files\Java\jdk1.7.0_15\jre\bin\zip.dll
0x000000006dd00000 - 0x000000006de93000 	C:\Program Files\Java\jdk1.7.0_15\jre\bin\awt.dll
0x000007fefe390000 - 0x000007fefe467000 	C:\Windows\system32\OLEAUT32.dll
0x000007fefcd70000 - 0x000007fefcf73000 	C:\Windows\system32\ole32.dll
0x000007fefa360000 - 0x000007fefa3b6000 	C:\Windows\system32\uxtheme.dll
0x000007fefa7a0000 - 0x000007fefa7b8000 	C:\Windows\system32\dwmapi.dll
0x000007fefc100000 - 0x000007fefc10f000 	C:\Windows\system32\CRYPTBASE.dll
0x000007fefd030000 - 0x000007fefddb8000 	C:\Windows\system32\SHELL32.dll
0x000000006fce0000 - 0x000000006fd14000 	C:\Program Files\Java\jdk1.7.0_15\jre\bin\fontmanager.dll
0x0000000010000000 - 0x0000000010070000 	C:\Users\PDI\Dropbox\SIGARAPI\hyperic-sigar-1.6.4\sigar-bin - Copy\lib\sigar-amd64-winnt.dll
0x000007fefee20000 - 0x000007fefee6e000 	C:\Windows\system32\pdh.dll
0x000007fefb1e0000 - 0x000007fefb1ec000 	C:\Windows\system32\VERSION.dll
0x000007fef9870000 - 0x000007fef9886000 	C:\Windows\system32\NETAPI32.dll
0x000007fef9330000 - 0x000007fef933c000 	C:\Windows\system32\netutils.dll
0x000007fefbe90000 - 0x000007fefbeb3000 	C:\Windows\system32\srvcli.dll
0x000007fef91a0000 - 0x000007fef91b5000 	C:\Windows\system32\wkscli.dll
0x000007fef1420000 - 0x000007fef161f000 	C:\Windows\system32\d3d9.dll
0x000007fefec90000 - 0x000007fefec97000 	C:\Windows\system32\d3d8thk.dll
0x00000000704e0000 - 0x00000000705bf000 	C:\Windows\system32\aticfx64.dll
0x000007fefee90000 - 0x000007fefee9d000 	C:\Windows\system32\atiu9p64.dll
0x0000000064320000 - 0x000000006486a000 	C:\Windows\system32\atiumd64.dll
0x0000000063f30000 - 0x0000000064318000 	C:\Windows\system32\atiumd6a.dll
0x0000000070250000 - 0x0000000070269000 	C:\Program Files\Java\jdk1.7.0_15\jre\bin\net.dll
0x000007fefb940000 - 0x000007fefb995000 	C:\Windows\system32\mswsock.dll
0x000007fefb930000 - 0x000007fefb937000 	C:\Windows\System32\wship6.dll
0x000007fefb2b0000 - 0x000007fefb2b7000 	C:\Windows\System32\wshtcpip.dll
0x000007fef8520000 - 0x000007fef854e000 	C:\Program Files\Common Files\Microsoft Shared\Windows Live\WLIDNSP.DLL
0x000007fefb7c0000 - 0x000007fefb81b000 	C:\Windows\system32\DNSAPI.dll
0x0000000074a60000 - 0x0000000074a86000 	C:\Program Files\Bonjour\mdnsNSP.dll
0x000007fef9cd0000 - 0x000007fef9cf7000 	C:\Windows\system32\Iphlpapi.DLL
0x000007fef9820000 - 0x000007fef982b000 	C:\Windows\system32\WINNSI.DLL
0x000007fef8ac0000 - 0x000007fef8ac8000 	C:\Windows\system32\rasadhlp.dll
0x000007fef94c0000 - 0x000007fef9513000 	C:\Windows\System32\fwpuclnt.dll
0x0000000070230000 - 0x0000000070241000 	C:\Program Files\Java\jdk1.7.0_15\jre\bin\nio.dll
0x00000000704a0000 - 0x00000000704d0000 	C:\Program Files\Java\jdk1.7.0_15\jre\bin\jpeg.dll
0x000007fef31a0000 - 0x000007fef31b8000 	C:\Windows\system32\mpr.dll
0x000007fefc380000 - 0x000007fefc3b6000 	C:\Windows\system32\CFGMGR32.dll
0x000007fef9de0000 - 0x000007fef9df5000 	C:\Windows\system32\NLAapi.dll
0x000007fef4ef0000 - 0x000007fef4f05000 	C:\Windows\system32\napinsp.dll
0x000007fef5800000 - 0x000007fef5819000 	C:\Windows\system32\pnrpnsp.dll
0x000007fefa980000 - 0x000007fefa98b000 	C:\Windows\System32\winrnr.dll
0x000007fef9990000 - 0x000007fef99a8000 	C:\Windows\system32\dhcpcsvc.DLL
0x000007fef9890000 - 0x000007fef98a1000 	C:\Windows\system32\dhcpcsvc6.DLL
0x000000006fc90000 - 0x000000006fcd1000 	C:\Program Files\Java\jdk1.7.0_15\jre\bin\t2k.dll
0x000007fef0330000 - 0x000007fef03d0000 	C:\Windows\WinSxS\amd64_microsoft.windows.common-controls_6595b64144ccf1df_5.82.7601.17514_none_a4d6a923711520a9\comctl32.dll
0x000007fefc560000 - 0x000007fefc737000 	C:\Windows\system32\SETUPAPI.dll
0x000007fefc1e0000 - 0x000007fefc1fa000 	C:\Windows\system32\DEVOBJ.dll
0x000007fefcf80000 - 0x000007fefd019000 	C:\Windows\system32\CLBCatQ.DLL
0x000007fefac90000 - 0x000007fefadbc000 	C:\Windows\system32\propsys.dll
0x000007fef9f40000 - 0x000007fef9f6d000 	C:\Windows\system32\ntmarta.dll
0x000007fefdea0000 - 0x000007fefdef2000 	C:\Windows\system32\WLDAP32.dll
0x000007fefbf90000 - 0x000007fefbfe7000 	C:\Windows\system32\apphelp.dll
0x000007fef31c0000 - 0x000007fef335c000 	C:\Windows\system32\NetworkExplorer.dll
0x000007fef10d0000 - 0x000007fef1104000 	C:\Windows\System32\shdocvw.dll
0x000007fefc130000 - 0x000007fefc13f000 	C:\Windows\system32\profapi.dll
0x000007fef9d50000 - 0x000007fef9d5b000 	C:\Windows\system32\slc.dll
0x000007fef4f30000 - 0x000007fef4f3a000 	C:\Windows\System32\drprov.dll
0x000007fefc090000 - 0x000007fefc0cd000 	C:\Windows\System32\WINSTA.dll
0x000007fef3170000 - 0x000007fef3192000 	C:\Windows\System32\ntlanman.dll
0x000007fef3150000 - 0x000007fef316c000 	C:\Windows\System32\davclnt.dll
0x000007fef8c20000 - 0x000007fef8c2a000 	C:\Windows\System32\DAVHLPR.dll
0x000007fef5600000 - 0x000007fef560f000 	C:\Windows\system32\cscapi.dll
0x000007fef1d80000 - 0x000007fef1ff1000 	C:\Windows\system32\wpdshext.dll
0x000007fefa140000 - 0x000007fefa356000 	C:\Windows\WinSxS\amd64_microsoft.windows.gdiplus_6595b64144ccf1df_1.1.7601.17825_none_2b253c8271ec7765\gdiplus.dll
0x000007fef5aa0000 - 0x000007fef5b5d000 	C:\Windows\system32\PortableDeviceApi.dll
0x000007fefc2b0000 - 0x000007fefc2e9000 	C:\Windows\system32\WINTRUST.dll
0x000007fefc3f0000 - 0x000007fefc55a000 	C:\Windows\system32\CRYPT32.dll
0x000007fefc1d0000 - 0x000007fefc1df000 	C:\Windows\system32\MSASN1.dll
0x000007fef1110000 - 0x000007fef1145000 	C:\Windows\system32\EhStorShell.dll
0x000007fefeda0000 - 0x000007fefedc7000 	C:\Windows\system32\EhStorAPI.dll
0x000007fef54e0000 - 0x000007fef54ec000 	C:\Windows\system32\LINKINFO.dll
0x000007fefb9a0000 - 0x000007fefb9b7000 	C:\Windows\system32\CRYPTSP.dll
0x000007fefb6a0000 - 0x000007fefb6e7000 	C:\Windows\system32\rsaenh.dll
0x000007fefb500000 - 0x000007fefb51e000 	C:\Windows\system32\USERENV.dll
0x0000000070470000 - 0x000000007049a000 	C:\Program Files\Java\jdk1.7.0_15\jre\bin\dcpr.dll
0x000007fef91c0000 - 0x000007fef9321000 	C:\Windows\system32\WindowsCodecs.dll
0x000007fef3510000 - 0x000007fef353b000 	C:\Users\PDI\AppData\Roaming\Dropbox\bin\DropboxExt64.19.dll
0x000007fef6390000 - 0x000007fef64b5000 	C:\Windows\system32\dbghelp.dll
0x0000000070ce0000 - 0x0000000070db3000 	C:\Windows\WinSxS\amd64_microsoft.vc90.crt_1fc8b3b9a1e18e3b_9.0.30729.6161_none_08e61857a83bc251\MSVCP90.dll
0x0000000071810000 - 0x00000000718b3000 	C:\Windows\WinSxS\amd64_microsoft.vc90.crt_1fc8b3b9a1e18e3b_9.0.30729.6161_none_08e61857a83bc251\MSVCR90.dll
0x000007fefe9c0000 - 0x000007fefea80000 	C:\Program Files (x86)\Google\Drive\googledrivesync64.dll
0x000007fef1c00000 - 0x000007fef1c80000 	C:\Windows\system32\ntshrui.dll

VM Arguments:
jvm_args: -Dfile.encoding=UTF-8 -Djava.security.policy=applet.policy 
java_command: net.mk.ppmcuGUI.WSTFrame2 _WebExec Yes _LicKy gvreeebsep _AccInfo AllUsers _LicKeySpec 10-8-4-14-10-12-12-12-4-7 _Mode Commercial _task Graphical _AppLib ./ _AppLibFile MCWAppsList
Launcher Type: SUN_STANDARD

Environment Variables:
CLASSPATH=.;.;.;C:\PROGRA~2\JMF21~1.1E\lib\sound.jar;C:\PROGRA~2\JMF21~1.1E\lib\jmf.jar;C:\PROGRA~2\JMF21~1.1E\lib;C:\Program Files\proeWildfire 4.0\x86e_win64\lib;D:\PDI_PROJECTS\PDI_PROJECT_DATA\F600\Models\Models0.5;C:\Users\PDI\Dropbox\SIGARAPI\hyperic-sigar-1.6.4\sigar-bin\lib;C:\temp;
PATH=C:\Windows\system32;C:\Windows;C:\Windows\system32\Wbem;C:\PROGRA~1\PTC\MKSTOO~1\bin64;C:\PROGRA~1\PTC\MKSTOO~1\bin;C:\PROGRA~1\PTC\MKSTOO~1\bin\X11;C:\PROGRA~1\PTC\MKSTOO~1\mksnt;C:\Program Files (x86)\AMD APP\bin\x86_64;C:\Program Files (x86)\AMD APP\bin\x86;C:\Users\mkfs\AppData\Local\Xuggle\bin;C:\Program Files (x86)\SSH Communications Security\SSH Secure Shell;1UGGLE_HOME\bin;65B20C50UGGLE_HOME\lib;C:\Program Files\Java\jre6\bin;C:\Program Files (x86)\Java\jdk1.6.0_20\bin;C:\Program Files (x86)\Xuggle\lib;C:\Program Files (x86)\Graphviz2.26.3\bin;C:\Program Files (x86)\CMake 2.8\bin;C:\Program Files\Microsoft Windows Performance Toolkit\;C:\Python26\;C:\Program Files (x86)\FreeCAD0.11\bin;c:\Program Files (x86)\Microsoft SQL Server\90\Tools\binn\;C:\Program Files\Java\jre7\bin;D:\PROJECTS\java_api\j3d-1_5_2-windows-i586\bin;C:\Windows\System32;C:\Program Files (x86)\ATI Technologies\ATI.ACE\Core-Static;C:\Program Files (x86)\OpenLibraries\bin;C:\Program Files (x86)\YafaRay;C:\Program Files\PTC\Creo 2.0\Common Files\F000\x86e_win64\lib;C:\Program Files (x86)\UGS\NX 7.5\UGII;C:\cygwin\bin;C:\temp;C:\Program Files (x86)\QuickTime\QTSystem\;C:\Program Files (x86)\SSH Communications Security\SSH Secure Shell;C:\Program Files (x86)\Xuggle\bin;C:\Program Files (x86)\Xuggle\lib;C:\Program Files (x86)\FreeCAD0.11\bin;;C:\Program Files (x86)\GmoteServer\bin\vlc;C:\Program Files\Java\jre7\bin;D:\PROJECTS\java_api\j3d-1_5_2-windows-i586\bin;C:\Program Files\Java\jdk1.7.0_05\bin;C:\Users\PDI\Dropbox\SIGARAPI\hyperic-sigar-1.6.4\sigar-bin - Copy\lib
USERNAME=PDI
DISPLAY=:0.0
OS=Windows_NT
PROCESSOR_IDENTIFIER=Intel64 Family 6 Model 30 Stepping 5, GenuineIntel



---------------  S Y S T E M  ---------------

OS: Windows 7 , 64 bit Build 7601 Service Pack 1

CPU:total 8 (4 cores per cpu, 2 threads per core) family 6 model 30 stepping 5, cmov, cx8, fxsr, mmx, sse, sse2, sse3, ssse3, sse4.1, sse4.2, popcnt, ht, tsc, tscinvbit

Memory: 4k page, physical 6223728k(1187020k free), swap 12513324k(4866492k free)

vm_info: Java HotSpot(TM) 64-Bit Server VM (23.7-b01) for windows-amd64 JRE (1.7.0_15-b03), built on Feb 15 2013 13:43:57 by "java_re" with unknown MS VC++:1600

time: Sat Jun 29 18:40:05 2013
elapsed time: 335 seconds

